\BOOKMARK [0][-]{dummy.1}{\376\377\000D\000e\000c\000l\000a\000r\000a\000t\000i\000o\000n\000\040\000o\000f\000\040\000A\000u\000t\000h\000o\000r\000s\000h\000i\000p}{}% 1
\BOOKMARK [0][-]{dummy.2}{\376\377\000A\000b\000s\000t\000r\000a\000c\000t}{}% 2
\BOOKMARK [0][-]{dummy.3}{\376\377\000A\000c\000k\000n\000o\000w\000l\000e\000d\000g\000e\000m\000e\000n\000t\000s}{}% 3
\BOOKMARK [0][-]{dummy.5}{\376\377\000S\000y\000m\000b\000o\000l\000s}{}% 4
\BOOKMARK [0][-]{chapter.8}{\376\377\0001\000\040\000I\000n\000t\000r\000o\000d\000u\000c\000t\000i\000o\000n}{}% 5
\BOOKMARK [0][-]{chapter.9}{\376\377\0002\000\040\000M\000a\000t\000h\000e\000m\000a\000t\000i\000c\000a\000l\000\040\000P\000r\000e\000l\000i\000m\000i\000n\000a\000r\000i\000e\000s}{}% 6
\BOOKMARK [1][-]{section.10}{\376\377\0002\000.\0001\000\040\000L\000i\000n\000e\000a\000r\000\040\000A\000l\000g\000e\000b\000r\000a\000i\000c\000\040\000G\000r\000o\000u\000p\000s}{chapter.9}% 7
\BOOKMARK [0][-]{chapter.15}{\376\377\0003\000\040\000T\000h\000e\000\040\0001\000-\000C\000o\000h\000o\000m\000o\000l\000o\000g\000y}{}% 8
\BOOKMARK [1][-]{section.16}{\376\377\0003\000.\0001\000\040\000A\000b\000e\000l\000i\000a\000n\000\040\0001\000-\000C\000o\000h\000o\000m\000o\000l\000o\000g\000y}{chapter.15}% 9
\BOOKMARK [2][-]{subsection.17}{\376\377\0003\000.\0001\000.\0001\000\040\000D\000e\000f\000i\000n\000i\000t\000i\000o\000n\000s}{section.16}% 10
\BOOKMARK [2][-]{subsection.20}{\376\377\0003\000.\0001\000.\0002\000\040\000M\000a\000p\000s\000\040\000b\000e\000t\000w\000e\000e\000n\000\040\0001\000-\000c\000o\000h\000o\000m\000o\000l\000o\000g\000i\000e\000s}{section.16}% 11
\BOOKMARK [1][-]{section.24}{\376\377\0003\000.\0002\000\040\000N\000o\000n\000-\000a\000b\000e\000l\000i\000a\000n\000\040\0001\000-\000C\000o\000h\000o\000m\000o\000l\000o\000g\000y}{chapter.15}% 12
\BOOKMARK [2][-]{subsection.25}{\376\377\0003\000.\0002\000.\0001\000\040\000T\000h\000e\000\040\000n\000o\000n\000-\000a\000b\000e\000l\000i\000a\000n\000\040\000s\000e\000t\000t\000i\000n\000g}{section.24}% 13
\BOOKMARK [2][-]{subsection.26}{\376\377\0003\000.\0002\000.\0002\000\040\000D\000e\000f\000i\000n\000i\000t\000i\000o\000n\000s}{section.24}% 14
\BOOKMARK [2][-]{subsection.29}{\376\377\0003\000.\0002\000.\0003\000\040\000M\000a\000p\000s\000\040\000b\000e\000t\000w\000e\000e\000n\000\040\0001\000-\000c\000o\000h\000o\000m\000o\000l\000o\000g\000i\000e\000s}{section.24}% 15
\BOOKMARK [0][-]{chapter.32}{\376\377\0004\000\040\000K\000\374\000l\000s\000h\000a\000m\000m\000e\000r\000'\000s\000\040\000S\000e\000c\000o\000n\000d\000\040\000P\000r\000o\000b\000l\000e\000m}{}% 16
\BOOKMARK [1][-]{section.33}{\376\377\0004\000.\0001\000\040\000K\000\374\000l\000s\000h\000a\000m\000m\000e\000r\000'\000s\000\040\000S\000e\000c\000o\000n\000d\000\040\000P\000r\000o\000b\000l\000e\000m}{chapter.32}% 17
\BOOKMARK [1][-]{section.34}{\376\377\0004\000.\0002\000\040\000T\000h\000e\000\040\000A\000p\000p\000r\000o\000a\000c\000h}{chapter.32}% 18
\BOOKMARK [0][-]{chapter.43}{\376\377\0005\000\040\0001\000-\000C\000o\000h\000o\000m\000o\000l\000o\000g\000y\000\040\000C\000a\000l\000c\000u\000l\000a\000t\000i\000o\000n}{}% 19
\BOOKMARK [1][-]{section.44}{\376\377\0005\000.\0001\000\040\000T\000h\000e\000\040\000m\000e\000t\000h\000o\000d}{chapter.43}% 20
\BOOKMARK [1][-]{section.53}{\376\377\0005\000.\0002\000\040\000A\000\040\000r\000a\000n\000k\000\040\0001\000\040\000c\000a\000l\000c\000u\000l\000a\000t\000i\000o\000n}{chapter.43}% 21
\BOOKMARK [2][-]{subsection.54}{\376\377\0005\000.\0002\000.\0001\000\040\000E\000x\000a\000m\000p\000l\000e}{section.53}% 22
\BOOKMARK [2][-]{subsection.63}{\376\377\0005\000.\0002\000.\0002\000\040\000E\000x\000a\000m\000p\000l\000e}{section.53}% 23
\BOOKMARK [1][-]{section.69}{\376\377\0005\000.\0003\000\040\000A\000\040\000r\000a\000n\000k\000\040\0002\000\040\000c\000a\000l\000c\000u\000l\000a\000t\000i\000o\000n}{chapter.43}% 24
\BOOKMARK [1][-]{section.71}{\376\377\0005\000.\0004\000\040\000A\000\040\000N\000o\000n\000-\000R\000e\000d\000u\000c\000t\000i\000v\000e\000\040\000C\000o\000u\000n\000t\000e\000r\000e\000x\000a\000m\000p\000l\000e}{chapter.43}% 25
\BOOKMARK [0][-]{chapter.73}{\376\377\0006\000\040\000C\000o\000n\000c\000l\000u\000s\000i\000o\000n}{}% 26
\BOOKMARK [0][-]{appendix.74}{\376\377\000A\000\040\000F\000u\000r\000t\000h\000e\000r\000\040\000C\000a\000l\000c\000u\000l\000a\000t\000i\000o\000n\000s}{}% 27
\BOOKMARK [0][-]{appendix.75}{\376\377\000B\000\040\000S\000o\000u\000r\000c\000e\000\040\000C\000o\000d\000e}{}% 28
\BOOKMARK [0][-]{appendix.76}{\376\377\000C\000\040\000R\000a\000n\000k\000\040\0002\000\040\000R\000o\000o\000t\000\040\000S\000y\000s\000t\000e\000m\000\040\000D\000i\000a\000g\000r\000a\000m\000s}{}% 29
\BOOKMARK [0][-]{dummy.77}{\376\377\000B\000i\000b\000l\000i\000o\000g\000r\000a\000p\000h\000y}{}% 30
